La génération a démarré 2015-07-28 11:12:28.
     1>Projet "D:\session_ÉTÉ_2015\Programmation_Avancé\Engin\TP2\TP2.vcxproj" sur le nœud 2 (Build cible(s)).
     1>C:\Program Files (x86)\MSBuild\Microsoft.Cpp\v4.0\V120\Microsoft.CppBuild.targets(388,5): warning MSB8028: The intermediate directory (Debug\) contains files shared from another project (TestEnvironment.vcxproj).  This can lead to incorrect clean and rebuild behavior.
     1>ClCompile:
         C:\Program Files (x86)\Microsoft Visual Studio 12.0\VC\bin\CL.exe /c /ZI /nologo /W3 /WX- /Od /Oy- /D WIN32 /D _DEBUG /D _CONSOLE /D _LIB /D _MBCS /Gm /EHsc /RTC1 /MDd /GS /fp:precise /Zc:wchar_t /Zc:forScope /Fo"Debug\\" /Fd"Debug\vc120.pdb" /Gd /TP /analyze- /errorReport:prompt Main.cpp ShipRace.cpp
         Main.cpp
         c:\program files (x86)\microsoft directx sdk (june 2010)\include\dinput.h: DIRECTINPUT_VERSION undefined. Defaulting to version 0x0800
         Génération de code en cours...
         Compilation en cours...
         ShipRace.cpp
         c:\program files (x86)\microsoft directx sdk (june 2010)\include\dinput.h: DIRECTINPUT_VERSION undefined. Defaulting to version 0x0800
     1>d:\session_été_2015\programmation_avancé\engin\tp2\shiprace.cpp(5): warning C4244: 'argument' : conversion de 'float' en 'int', perte possible de données
         Génération de code en cours...
       Link:
         C:\Program Files (x86)\Microsoft Visual Studio 12.0\VC\bin\link.exe /ERRORREPORT:PROMPT /OUT:"D:\session_ÉTÉ_2015\Programmation_Avancé\Engin\TP2\Debug\TP2.exe" /INCREMENTAL /NOLOGO d3d9.lib d3dx9d.lib dxguid.lib dxerr.lib dinput8.lib irrklang.lib kernel32.lib user32.lib gdi32.lib winspool.lib comdlg32.lib advapi32.lib shell32.lib ole32.lib oleaut32.lib uuid.lib odbc32.lib odbccp32.lib /MANIFEST /MANIFESTUAC:"level='asInvoker' uiAccess='false'" /manifest:embed /DEBUG /PDB:"D:\session_ÉTÉ_2015\Programmation_Avancé\Engin\TP2\Debug\TP2.pdb" /SUBSYSTEM:WINDOWS /TLBID:1 /DYNAMICBASE /NXCOMPAT /IMPLIB:"D:\session_ÉTÉ_2015\Programmation_Avancé\Engin\TP2\Debug\TP2.lib" /MACHINE:X86 Debug\Main.obj
         Debug\ShipRace.obj
         "D:\session_ÉTÉ_2015\Programmation_Avancé\Engin\TP2\Debug\App.lib"
         "D:\session_ÉTÉ_2015\Programmation_Avancé\Engin\TP2\Debug\Core.lib"
         TP2.vcxproj -> D:\session_ÉTÉ_2015\Programmation_Avancé\Engin\TP2\Debug\TP2.exe
     1>Génération du projet "D:\session_ÉTÉ_2015\Programmation_Avancé\Engin\TP2\TP2.vcxproj" terminée (Build cible(s)).

La génération a réussi.

Temps écoulé 00:00:03.90
